<?xml version="1.0" encoding="UTF-8"?>
<testsuite name="DiamondPrinterTest" tests="5" skipped="0" failures="0" errors="0" timestamp="2022-03-20T10:02:13" hostname="DESKTOP-29RTF6M" time="0.056">
  <properties/>
  <testcase name="testFourByFourDiamond" classname="DiamondPrinterTest" time="0.053"/>
  <testcase name="testFullDiamond" classname="DiamondPrinterTest" time="0.002"/>
  <testcase name="testThreeByThreeDiamond" classname="DiamondPrinterTest" time="0.0"/>
  <testcase name="testOneByOneDiamond" classname="DiamondPrinterTest" time="0.0"/>
  <testcase name="testTwoByTwoDiamond" classname="DiamondPrinterTest" time="0.0"/>
  <system-out><![CDATA[]]></system-out>
  <system-err><![CDATA[]]></system-err>
</testsuite>
