<?xml version="1.0" encoding="UTF-8"?>
<testsuite name="DoublyLinkedListTest" tests="5" skipped="0" failures="0" errors="0" timestamp="2022-02-01T15:14:55" hostname="DESKTOP-29RTF6M" time="0.04">
  <properties/>
  <testcase name="testExample" classname="DoublyLinkedListTest" time="0.037"/>
  <testcase name="testPushPop" classname="DoublyLinkedListTest" time="0.002"/>
  <testcase name="testPushShift" classname="DoublyLinkedListTest" time="0.0"/>
  <testcase name="testUnshiftPop" classname="DoublyLinkedListTest" time="0.0"/>
  <testcase name="testUnshiftShift" classname="DoublyLinkedListTest" time="0.001"/>
  <system-out><![CDATA[]]></system-out>
  <system-err><![CDATA[]]></system-err>
</testsuite>
