<?xml version="1.0" encoding="UTF-8"?>
<testsuite name="TwelveDaysTest" tests="15" skipped="0" failures="0" errors="0" timestamp="2022-03-29T12:11:52" hostname="DESKTOP-29RTF6M" time="0.027">
  <properties/>
  <testcase name="testVerseEight" classname="TwelveDaysTest" time="0.003"/>
  <testcase name="testVerseSeven" classname="TwelveDaysTest" time="0.0"/>
  <testcase name="testVerseThree" classname="TwelveDaysTest" time="0.001"/>
  <testcase name="testVerseOne" classname="TwelveDaysTest" time="0.0"/>
  <testcase name="testVerseSix" classname="TwelveDaysTest" time="0.0"/>
  <testcase name="testVerseTen" classname="TwelveDaysTest" time="0.0"/>
  <testcase name="testVerseTwo" classname="TwelveDaysTest" time="0.0"/>
  <testcase name="testVerseFive" classname="TwelveDaysTest" time="0.0"/>
  <testcase name="testVerseFour" classname="TwelveDaysTest" time="0.0"/>
  <testcase name="testVerseNine" classname="TwelveDaysTest" time="0.001"/>
  <testcase name="testVerseEleven" classname="TwelveDaysTest" time="0.0"/>
  <testcase name="testVerseTwelve" classname="TwelveDaysTest" time="0.0"/>
  <testcase name="testFirstThreeVerses" classname="TwelveDaysTest" time="0.008"/>
  <testcase name="testSingWholeSong" classname="TwelveDaysTest" time="0.011"/>
  <testcase name="testFourthToSixthVerses" classname="TwelveDaysTest" time="0.001"/>
  <system-out><![CDATA[===================================================================
i >>1
On the first day of Christmas my true love gave to me: 
j >>> 0
a Partridge in a Pear Tree
===================================================================
===================================================================
i >>2
On the second day of Christmas my true love gave to me: 
j >>> 0
two Turtle Doves
===================================================================
j >>> 1
a Partridge in a Pear Tree
===================================================================
===================================================================
i >>3
On the third day of Christmas my true love gave to me: 
j >>> 0
three French Hens
===================================================================
j >>> 1
two Turtle Doves
===================================================================
j >>> 2
a Partridge in a Pear Tree
===================================================================
===================================================================
i >>1
On the first day of Christmas my true love gave to me: 
j >>> 0
a Partridge in a Pear Tree
===================================================================
===================================================================
i >>2
On the second day of Christmas my true love gave to me: 
j >>> 0
two Turtle Doves
===================================================================
j >>> 1
a Partridge in a Pear Tree
===================================================================
===================================================================
i >>3
On the third day of Christmas my true love gave to me: 
j >>> 0
three French Hens
===================================================================
j >>> 1
two Turtle Doves
===================================================================
j >>> 2
a Partridge in a Pear Tree
===================================================================
===================================================================
i >>4
On the fourth day of Christmas my true love gave to me: 
j >>> 0
four Calling Birds
===================================================================
j >>> 1
three French Hens
===================================================================
j >>> 2
two Turtle Doves
===================================================================
j >>> 3
a Partridge in a Pear Tree
===================================================================
===================================================================
i >>5
On the fifth day of Christmas my true love gave to me: 
j >>> 0
five Gold Rings
===================================================================
j >>> 1
four Calling Birds
===================================================================
j >>> 2
three French Hens
===================================================================
j >>> 3
two Turtle Doves
===================================================================
j >>> 4
a Partridge in a Pear Tree
===================================================================
===================================================================
i >>6
On the sixth day of Christmas my true love gave to me: 
j >>> 0
six Geese-a-Laying
===================================================================
j >>> 1
five Gold Rings
===================================================================
j >>> 2
four Calling Birds
===================================================================
j >>> 3
three French Hens
===================================================================
j >>> 4
two Turtle Doves
===================================================================
j >>> 5
a Partridge in a Pear Tree
===================================================================
===================================================================
i >>7
On the seventh day of Christmas my true love gave to me: 
j >>> 0
seven Swans-a-Swimming
===================================================================
j >>> 1
six Geese-a-Laying
===================================================================
j >>> 2
five Gold Rings
===================================================================
j >>> 3
four Calling Birds
===================================================================
j >>> 4
three French Hens
===================================================================
j >>> 5
two Turtle Doves
===================================================================
j >>> 6
a Partridge in a Pear Tree
===================================================================
===================================================================
i >>8
On the eighth day of Christmas my true love gave to me: 
j >>> 0
eight Maids-a-Milking
===================================================================
j >>> 1
seven Swans-a-Swimming
===================================================================
j >>> 2
six Geese-a-Laying
===================================================================
j >>> 3
five Gold Rings
===================================================================
j >>> 4
four Calling Birds
===================================================================
j >>> 5
three French Hens
===================================================================
j >>> 6
two Turtle Doves
===================================================================
j >>> 7
a Partridge in a Pear Tree
===================================================================
===================================================================
i >>9
On the ninth day of Christmas my true love gave to me: 
j >>> 0
nine Ladies Dancing
===================================================================
j >>> 1
eight Maids-a-Milking
===================================================================
j >>> 2
seven Swans-a-Swimming
===================================================================
j >>> 3
six Geese-a-Laying
===================================================================
j >>> 4
five Gold Rings
===================================================================
j >>> 5
four Calling Birds
===================================================================
j >>> 6
three French Hens
===================================================================
j >>> 7
two Turtle Doves
===================================================================
j >>> 8
a Partridge in a Pear Tree
===================================================================
===================================================================
i >>10
On the tenth day of Christmas my true love gave to me: 
j >>> 0
ten Lords-a-Leaping
===================================================================
j >>> 1
nine Ladies Dancing
===================================================================
j >>> 2
eight Maids-a-Milking
===================================================================
j >>> 3
seven Swans-a-Swimming
===================================================================
j >>> 4
six Geese-a-Laying
===================================================================
j >>> 5
five Gold Rings
===================================================================
j >>> 6
four Calling Birds
===================================================================
j >>> 7
three French Hens
===================================================================
j >>> 8
two Turtle Doves
===================================================================
j >>> 9
a Partridge in a Pear Tree
===================================================================
===================================================================
i >>11
On the eleventh day of Christmas my true love gave to me: 
j >>> 0
eleven Pipers Piping
===================================================================
j >>> 1
ten Lords-a-Leaping
===================================================================
j >>> 2
nine Ladies Dancing
===================================================================
j >>> 3
eight Maids-a-Milking
===================================================================
j >>> 4
seven Swans-a-Swimming
===================================================================
j >>> 5
six Geese-a-Laying
===================================================================
j >>> 6
five Gold Rings
===================================================================
j >>> 7
four Calling Birds
===================================================================
j >>> 8
three French Hens
===================================================================
j >>> 9
two Turtle Doves
===================================================================
j >>> 10
a Partridge in a Pear Tree
===================================================================
===================================================================
i >>12
On the twelfth day of Christmas my true love gave to me: 
j >>> 0
twelve Drummers Drumming
===================================================================
j >>> 1
eleven Pipers Piping
===================================================================
j >>> 2
ten Lords-a-Leaping
===================================================================
j >>> 3
nine Ladies Dancing
===================================================================
j >>> 4
eight Maids-a-Milking
===================================================================
j >>> 5
seven Swans-a-Swimming
===================================================================
j >>> 6
six Geese-a-Laying
===================================================================
j >>> 7
five Gold Rings
===================================================================
j >>> 8
four Calling Birds
===================================================================
j >>> 9
three French Hens
===================================================================
j >>> 10
two Turtle Doves
===================================================================
j >>> 11
a Partridge in a Pear Tree
===================================================================
===================================================================
i >>4
On the fourth day of Christmas my true love gave to me: 
j >>> 0
four Calling Birds
===================================================================
j >>> 1
three French Hens
===================================================================
j >>> 2
two Turtle Doves
===================================================================
j >>> 3
a Partridge in a Pear Tree
===================================================================
===================================================================
i >>5
On the fifth day of Christmas my true love gave to me: 
j >>> 0
five Gold Rings
===================================================================
j >>> 1
four Calling Birds
===================================================================
j >>> 2
three French Hens
===================================================================
j >>> 3
two Turtle Doves
===================================================================
j >>> 4
a Partridge in a Pear Tree
===================================================================
===================================================================
i >>6
On the sixth day of Christmas my true love gave to me: 
j >>> 0
six Geese-a-Laying
===================================================================
j >>> 1
five Gold Rings
===================================================================
j >>> 2
four Calling Birds
===================================================================
j >>> 3
three French Hens
===================================================================
j >>> 4
two Turtle Doves
===================================================================
j >>> 5
a Partridge in a Pear Tree
===================================================================
]]></system-out>
  <system-err><![CDATA[]]></system-err>
</testsuite>
