<?xml version="1.0" encoding="UTF-8"?>
<testsuite name="IsogramCheckerTest" tests="13" skipped="0" failures="0" errors="0" timestamp="2022-02-02T05:59:08" hostname="DESKTOP-29RTF6M" time="0.034">
  <properties/>
  <testcase name="testDuplicateEndAlphabet" classname="IsogramCheckerTest" time="0.032"/>
  <testcase name="testIsogramWithDuplicatedHyphen" classname="IsogramCheckerTest" time="0.0"/>
  <testcase name="testIsogramWithDuplicatedCharAfterHyphen" classname="IsogramCheckerTest" time="0.0"/>
  <testcase name="testCaseInsensitive" classname="IsogramCheckerTest" time="0.0"/>
  <testcase name="testLowercaseIsogram" classname="IsogramCheckerTest" time="0.0"/>
  <testcase name="testNotIsogram" classname="IsogramCheckerTest" time="0.0"/>
  <testcase name="testMadeUpNameThatIsAnIsogram" classname="IsogramCheckerTest" time="0.0"/>
  <testcase name="testEmptyString" classname="IsogramCheckerTest" time="0.0"/>
  <testcase name="testIsogramWithHyphen" classname="IsogramCheckerTest" time="0.0"/>
  <testcase name="testSameFirstAndLast" classname="IsogramCheckerTest" time="0.0"/>
  <testcase name="testDuplicatMixedCase" classname="IsogramCheckerTest" time="0.0"/>
  <testcase name="testMediumLongIsogram" classname="IsogramCheckerTest" time="0.0"/>
  <testcase name="testDuplicatedCharacterInTheMiddleIsNotIsogram" classname="IsogramCheckerTest" time="0.001"/>
  <system-out><![CDATA[]]></system-out>
  <system-err><![CDATA[]]></system-err>
</testsuite>
