<?xml version="1.0" encoding="UTF-8"?>
<testsuite name="BobTest" tests="25" skipped="0" failures="0" errors="0" timestamp="2022-04-10T09:17:41" hostname="DESKTOP-29RTF6M" time="0.055">
  <properties/>
  <testcase name="forcefulQuestions" classname="BobTest" time="0.043"/>
  <testcase name="shoutingWithSpecialCharacters" classname="BobTest" time="0.001"/>
  <testcase name="saySomething" classname="BobTest" time="0.0"/>
  <testcase name="statementContainingQuestionMark" classname="BobTest" time="0.001"/>
  <testcase name="nonLettersWithQuestion" classname="BobTest" time="0.0"/>
  <testcase name="nonQuestionEndingWithWhiteSpace" classname="BobTest" time="0.001"/>
  <testcase name="askingANumericQuestion" classname="BobTest" time="0.0"/>
  <testcase name="shoutingWithNoExclamationMark" classname="BobTest" time="0.001"/>
  <testcase name="endingWithWhiteSpace" classname="BobTest" time="0.0"/>
  <testcase name="prolongedSilence" classname="BobTest" time="0.001"/>
  <testcase name="startingWithWhitespace" classname="BobTest" time="0.0"/>
  <testcase name="alternateSilence" classname="BobTest" time="0.0"/>
  <testcase name="questionWithOnlyNumbers" classname="BobTest" time="0.001"/>
  <testcase name="talkingForcefully" classname="BobTest" time="0.0"/>
  <testcase name="multipleLineQuestion" classname="BobTest" time="0.001"/>
  <testcase name="prattlingOn" classname="BobTest" time="0.001"/>
  <testcase name="shouting" classname="BobTest" time="0.001"/>
  <testcase name="askingAQuestion" classname="BobTest" time="0.0"/>
  <testcase name="otherWhiteSpace" classname="BobTest" time="0.0"/>
  <testcase name="onlyNumbers" classname="BobTest" time="0.001"/>
  <testcase name="shoutingNumbers" classname="BobTest" time="0.0"/>
  <testcase name="shoutingGibberish" classname="BobTest" time="0.0"/>
  <testcase name="askingGibberish" classname="BobTest" time="0.001"/>
  <testcase name="usingAcronymsInRegularSpeech" classname="BobTest" time="0.0"/>
  <testcase name="silence" classname="BobTest" time="0.001"/>
  <system-out><![CDATA[str : WHAT'SGOINGON?
temp : false
chkCap :: true
isSaying :: false
chkNonCap :: false
chkQue :: true
onlyCap :: true
TEST : true
str : ZOMGTHE%^*@#$(*^ZOMBIESARECOMING!!11!!1!
temp : false
chkCap :: true
isSaying :: false
chkNonCap :: false
chkQue :: false
onlyCap :: true
TEST : false
str : Tom-ay-to,tom-aaaah-to.
temp : true
chkCap :: true
isSaying :: false
chkNonCap :: true
chkQue :: false
onlyCap :: false
TEST : false
str : Endingwith?meansaquestion.
temp : true
chkCap :: true
isSaying :: false
chkNonCap :: true
chkQue :: false
onlyCap :: false
TEST : true
str : :)?
temp : false
chkCap :: false
isSaying :: false
chkNonCap :: false
chkQue :: true
onlyCap :: false
TEST : true
str : Thisisastatementendingwithwhitespace
temp : true
chkCap :: true
isSaying :: false
chkNonCap :: true
chkQue :: false
onlyCap :: false
TEST : false
str : Youare,what,like15?
temp : true
chkCap :: true
isSaying :: false
chkNonCap :: true
chkQue :: true
onlyCap :: false
TEST : true
str : IHATETHEDENTIST
temp : false
chkCap :: true
isSaying :: false
chkNonCap :: false
chkQue :: false
onlyCap :: true
TEST : false
str : Okayiflikemyspacebarquiteabit?
temp : true
chkCap :: true
isSaying :: false
chkNonCap :: true
chkQue :: true
onlyCap :: false
TEST : true
str : 
temp : false
chkCap :: false
isSaying :: false
chkNonCap :: false
chkQue :: false
onlyCap :: false
TEST : false
str : hmmmmmmm...
temp : true
chkCap :: false
isSaying :: false
chkNonCap :: true
chkQue :: false
onlyCap :: false
TEST : false
str : 										
temp : false
chkCap :: false
isSaying :: false
chkNonCap :: false
chkQue :: false
onlyCap :: false
TEST : false
str : 4?
temp : false
chkCap :: false
isSaying :: false
chkNonCap :: false
chkQue :: true
onlyCap :: false
TEST : true
str : Hithere!
temp : true
chkCap :: true
isSaying :: false
chkNonCap :: true
chkQue :: false
onlyCap :: false
TEST : false
str : 
Doesthiscryogenicchambermakemelookfat?
No.
temp : true
chkCap :: true
isSaying :: false
chkNonCap :: true
chkQue :: false
onlyCap :: false
TEST : true
str : Wait!Hangon.AreyougoingtobeOK?
temp : true
chkCap :: true
isSaying :: false
chkNonCap :: true
chkQue :: true
onlyCap :: false
TEST : true
str : WATCHOUT!
temp : false
chkCap :: true
isSaying :: false
chkNonCap :: false
chkQue :: false
onlyCap :: true
TEST : false
str : Doesthiscryogenicchambermakemelookfat?
temp : true
chkCap :: true
isSaying :: false
chkNonCap :: true
chkQue :: true
onlyCap :: false
TEST : true
str : 
	
temp : false
chkCap :: false
isSaying :: false
chkNonCap :: false
chkQue :: false
onlyCap :: false
TEST : false
str : 1,2,3
temp : false
chkCap :: false
isSaying :: false
chkNonCap :: false
chkQue :: false
onlyCap :: false
TEST : false
str : 1,2,3GO!
temp : false
chkCap :: true
isSaying :: false
chkNonCap :: false
chkQue :: false
onlyCap :: true
TEST : false
str : FCECDFCAAB
temp : false
chkCap :: true
isSaying :: false
chkNonCap :: false
chkQue :: false
onlyCap :: true
TEST : false
str : fffbbcbeab?
temp : true
chkCap :: false
isSaying :: false
chkNonCap :: true
chkQue :: true
onlyCap :: false
TEST : true
str : It'sOKifyoudon'twanttogoworkforNASA.
temp : true
chkCap :: true
isSaying :: false
chkNonCap :: true
chkQue :: false
onlyCap :: false
TEST : false
str : 
temp : false
chkCap :: false
isSaying :: false
chkNonCap :: false
chkQue :: false
onlyCap :: false
TEST : false
]]></system-out>
  <system-err><![CDATA[]]></system-err>
</testsuite>
