<?xml version="1.0" encoding="UTF-8"?>
<testsuite name="BankAccountTest" tests="1" skipped="0" failures="0" errors="0" timestamp="2022-01-30T14:22:48" hostname="DESKTOP-29RTF6M" time="0.892">
  <properties/>
  <testcase name="canAdjustBalanceConcurrently" classname="BankAccountTest" time="0.892"/>
  <system-out><![CDATA[1025
1060
1100
1175
1175
1190
1185
1185
1180
1205
1200
1195
1190
1185
1180
1190
1185
1190
1190
1195
1190
1190
1185
1180
1175
1170
1165
1160
1155
1155
1150
1145
1140
1135
1130
1125
1120
1115
1110
1105
1100
1095
1090
1085
1080
1075
1070
1090
1085
1090
1090
1085
1095
1140
1245
1260
1265
1290
1295
1310
1305
1300
1295
1290
1310
1335
1330
1325
1320
1315
1310
1305
1300
1310
1335
1330
1325
1320
1315
1310
1305
1300
1295
1290
1300
1295
1300
1295
1290
1285
1280
1275
1275
1270
1265
1260
1315
1310
1305
1300
1295
1290
1300
1330
1330
1325
1320
1315
1315
1315
1315
1310
1310
1310
1310
1305
1300
1295
1290
1285
1280
1275
1270
1300
1305
1300
1295
1290
1300
1300
1310
1305
1300
1295
1290
1285
1285
1330
1330
1325
1380
1380
1375
1370
1365
1360
1355
1350
1345
1340
1335
1330
1390
1385
1380
1375
1370
1370
1365
1445
1440
1435
1430
1425
1420
1415
1410
1405
1400
1395
1390
1385
1380
1375
1370
1375
1415
1420
1415
1410
1405
1400
1395
1390
1385
1380
1375
1370
1365
1360
1355
1390
1385
1385
1440
1455
1460
1460
1455
1450
1445
1440
1435
1430
1425
1485
1485
1480
1475
1475
1470
1465
1460
1455
1450
1445
1440
1435
1440
1480
1475
1470
1465
1460
1460
1455
1450
1515
1515
1510
1505
1500
1495
1490
1485
1500
1495
1490
1485
1480
1475
1470
1465
1465
1460
1510
1510
1505
1500
1495
1490
1485
1480
1475
1470
1465
1460
1455
1500
1495
1490
1485
1480
1520
1515
1510
1505
1505
1500
1495
1490
1485
1480
1475
1470
1465
1490
1505
1520
1515
1515
1510
1505
1500
1495
1490
1485
1500
1495
1490
1485
1480
1475
1470
1465
1465
1485
1495
1500
1500
1495
1490
1485
1480
1475
1480
1530
1525
1520
1515
1515
1510
1505
1500
1495
1490
1485
1480
1475
1470
1505
1525
1520
1515
1510
1510
1505
1500
1495
1490
1485
1480
1475
1470
1520
1515
1510
1505
1505
1500
1495
1490
1485
1495
1515
1530
1525
1520
1515
1510
1505
1500
1495
1490
1485
1480
1475
1470
1465
1465
1515
1515
1510
1505
1505
1500
1495
1490
1545
1540
1535
1530
1525
1520
1515
1510
1505
1500
1495
1495
1490
1520
1540
1535
1530
1525
1520
1515
1560
1555
1550
1545
1540
1535
1530
1525
1520
1515
1535
1540
1540
1535
1530
1525
1520
1515
1515
1510
1505
1500
1495
1510
1535
1530
1525
1520
1515
1510
1505
1500
1495
1490
1490
1485
1530
1525
1530
1525
1520
1515
1510
1505
1500
1495
1490
1515
1515
1535
1545
1540
1535
1530
1525
1520
1520
1515
1510
1505
1505
1505
1505
1515
1535
1530
1525
1520
1515
1510
1505
1500
1495
1490
1485
1480
1510
1545
1540
1535
1530
1525
1520
1515
1510
1505
1500
1495
1490
1485
1535
1530
1525
1520
1515
1510
1505
1500
1495
1490
1485
1480
1525
1525
1520
1520
1515
1510
1505
1505
1500
1500
1535
1540
1540
1535
1535
1530
1525
1520
1515
1510
1505
1500
1495
1490
1485
1480
1475
1560
1560
1555
1555
1550
1545
1540
1535
1530
1525
1520
1515
1510
1505
1500
1530
1525
1520
1515
1510
1505
1500
1540
1535
1530
1525
1520
1515
1510
1505
1500
1495
1490
1485
1485
1480
1475
1470
1465
1520
1520
1515
1515
1510
1505
1500
1495
1505
1500
1495
1490
1485
1480
1480
1475
1470
1465
1460
1455
1450
1445
1440
1435
1440
1465
1460
1455
1450
1445
1440
1435
1430
1425
1420
1415
1410
1405
1415
1440
1455
1450
1445
1440
1435
1430
1425
1420
1415
1410
1405
1400
1395
1415
1435
1430
1425
1420
1415
1410
1405
1400
1395
1390
1385
1380
1375
1370
1365
1370
1365
1360
1355
1350
1345
1340
1335
1330
1325
1320
1315
1310
1305
1300
1295
1290
1285
1280
1275
1270
1265
1260
1255
1255
1260
1255
1250
1245
1240
1235
1230
1225
1255
1250
1245
1240
1235
1230
1225
1220
1220
1215
1210
1205
1200
1195
1240
1235
1230
1225
1220
1250
1245
1240
1235
1230
1225
1220
1215
1210
1205
1200
1195
1190
1215
1210
1205
1200
1195
1190
1185
1180
1175
1170
1165
1160
1155
1155
1150
1145
1140
1135
1130
1125
1120
1115
1135
1130
1185
1185
1180
1175
1170
1180
1220
1215
1210
1205
1200
1195
1190
1185
1205
1225
1245
1275
1285
1280
1275
1270
1265
1260
1255
1250
1245
1240
1260
1270
1270
1270
1265
1260
1255
1250
1245
1245
1240
1235
1230
1225
1230
1265
1260
1255
1250
1245
1240
1235
1230
1225
1220
1215
1210
1205
1225
1230
1245
1245
1240
1235
1230
1305
1310
1305
1300
1295
1290
1290
1285
1280
1275
1270
1265
1260
1255
1280
1295
1290
1285
1280
1275
1270
1265
1260
1255
1250
1265
1285
1290
1290
1285
1280
1275
1275
1270
1265
1260
1255
1250
1245
1240
1235
1240
1255
1260
1270
1270
1265
1265
1265
1260
1255
1250
1245
1240
1240
1240
1270
1265
1260
1255
1250
1245
1245
1240
1235
1245
1305
1305
1305
1300
1295
1290
1285
1280
1275
1270
1270
1265
1260
1255
1250
1245
1280
1275
1270
1265
1260
1260
1255
1250
1250
1245
1240
1235
1230
1225
1220
1265
1265
1260
1255
1250
1245
1240
1235
1250
1275
1290
1290
1285
1280
1275
1270
1265
1260
1255
1255
1250
1260
1295
1295
1290
1285
1280
1280
1275
1270
1265
1265
1265
1265
1320
1320
1315
1320
1315
1310
1310
1305
1300
1295
1290
1285
1340
1340
1340
1335
1330
1325
1320
1315
1310
1305
1300
1295
1290
1285
1280
1275
1270
1265
1280
1295
1295
1295
1290
1285
1280
1275
1270
1265
1260
1255
1250
1245
1240
1235
1230
1225
1220
1215
1210
1205
1200
1195
1190
1185
1180
1175
1170
1165
1160
1155
1150
1145
1140
1135
1130
1125
1120
1115
1110
1105
1100
1095
1090
1085
1080
1075
1070
1065
1060
1055
1050
1045
1040
1035
1030
1025
1020
1015
1010
1005
false*1000
1045
1050
1050
1060
1090
1115
1110
1105
1105
1120
1155
1175
1175
1225
1270
1265
1260
1260
1260
1260
1255
1255
1255
1265
1265
1265
1270
1270
1285
1280
1275
1275
1270
1270
1265
1265
1265
1260
1265
1310
1305
1300
1295
1295
1295
1295
1290
1290
1285
1280
1290
1335
1330
1325
1325
1325
1325
1320
1390
1385
1380
1375
1375
1370
1365
1365
1360
1360
1360
1355
1355
1350
1345
1345
1340
1350
1360
1365
1360
1355
1355
1350
1345
1340
1335
1335
1350
1390
1385
1385
1380
1375
1370
1370
1375
1375
1375
1370
1370
1365
1360
1360
1355
1350
1350
1345
1340
1345
1340
1335
1330
1325
1320
1315
1310
1305
1305
1300
1295
1290
1290
1285
1280
1280
1275
1270
1265
1260
1260
1285
1280
1275
1270
1275
1270
1265
1260
1255
1250
1245
1240
1245
1265
1260
1255
1250
1245
1240
1235
1235
1230
1225
1220
1215
1210
1210
1250
1245
1240
1235
1230
1225
1220
1215
1280
1280
1275
1270
1265
1260
1255
1250
1245
1240
1235
1230
1225
1220
1215
1210
1220
1250
1245
1245
1240
1240
1235
1230
1225
1270
1275
1275
1275
1270
1265
1260
1255
1250
1245
1240
1235
1230
1225
1220
1245
1265
1265
1260
1255
1250
1245
1240
1235
1230
1225
1220
1215
1210
1205
1200
1195
1190
1185
1180
1180
1175
1170
1165
1160
1155
1150
1145
1140
1135
1130
1125
1120
1115
1110
1110
1105
1100
1095
1135
1130
1130
1125
1120
1115
1115
1110
1110
1115
1110
1105
1100
1145
1180
1180
1175
1170
1215
1225
1235
1235
1235
1230
1225
1220
1215
1215
1230
1270
1265
1260
1255
1250
1280
1285
1320
1315
1310
1305
1300
1295
1295
1355
1355
1350
1345
1340
1335
1335
1330
1340
1370
1365
1365
1360
1355
1350
1345
1340
1340
1335
1330
1325
1320
1315
1310
1305
1305
1310
1310
1315
1310
1305
1300
1295
1290
1285
1280
1275
1270
1265
1260
1255
1315
1310
1305
1300
1295
1290
1285
1280
1275
1270
1265
1260
1255
1250
1245
1240
1235
1230
1235
1235
1255
1255
1250
1250
1245
1240
1235
1230
1225
1220
1270
1270
1265
1260
1255
1250
1245
1240
1235
1230
1225
1220
1260
1275
1270
1270
1265
1260
1255
1250
1245
1245
1240
1240
1290
1285
1280
1275
1270
1265
1260
1355
1350
1345
1340
1335
1330
1325
1320
1315
1310
1305
1300
1295
1290
1285
1280
1275
1270
1265
1260
1255
1250
1245
1260
1265
1265
1260
1260
1330
1340
1335
1330
1325
1320
1315
1310
1305
1300
1295
1290
1285
1280
1275
1320
1335
1330
1325
1325
1325
1320
1315
1310
1305
1300
1295
1305
1305
1345
1340
1340
1335
1330
1325
1320
1315
1310
1305
1300
1295
1290
1285
1280
1290
1315
1315
1325
1320
1315
1310
1305
1300
1295
1290
1285
1280
1280
1345
1340
1335
1330
1325
1320
1315
1310
1385
1380
1375
1370
1365
1360
1355
1350
1345
1340
1335
1330
1330
1325
1320
1315
1310
1305
1315
1325
1340
1335
1330
1325
1320
1320
1315
1310
1305
1300
1295
1290
1285
1280
1275
1275
1270
1265
1300
1325
1320
1315
1310
1305
1300
1295
1290
1285
1280
1275
1310
1310
1305
1300
1295
1290
1285
1280
1275
1270
1265
1260
1255
1250
1255
1285
1300
1295
1290
1285
1280
1275
1270
1265
1260
1255
1285
1330
1325
1320
1315
1310
1305
1300
1295
1290
1285
1280
1275
1270
1265
1260
1255
1250
1255
1280
1285
1285
1280
1275
1270
1265
1260
1255
1250
1245
1240
1235
1300
1300
1295
1290
1285
1280
1275
1270
1315
1340
1340
1335
1330
1325
1320
1315
1310
1305
1300
1300
1295
1290
1285
1280
1320
1320
1320
1315
1310
1305
1300
1295
1290
1285
1280
1280
1275
1320
1330
1325
1320
1315
1310
1310
1305
1300
1295
1290
1285
1280
1275
1270
1265
1260
1255
1250
1280
1275
1270
1265
1260
1260
1255
1275
1275
1300
1315
1310
1310
1310
1305
1300
1295
1290
1285
1280
1280
1275
1270
1265
1260
1255
1250
1245
1240
1235
1265
1260
1260
1255
1255
1250
1245
1245
1240
1240
1265
1285
1290
1290
1285
1280
1275
1270
1265
1260
1255
1250
1245
1240
1235
1230
1225
1245
1260
1260
1255
1255
1250
1245
1240
1235
1230
1270
1285
1285
1285
1280
1275
1270
1265
1260
1255
1250
1245
1240
1235
1230
1225
1280
1275
1270
1270
1265
1260
1255
1250
1245
1260
1265
1270
1290
1285
1280
1275
1270
1315
1315
1335
1340
1335
1330
1325
1320
1315
1310
1305
1300
1295
1290
1285
1280
1295
1295
1330
1325
1320
1315
1315
1310
1305
1300
1300
1350
1360
1360
1360
1355
1350
1345
1340
1335
1330
1325
1320
1315
1310
1340
1355
1355
1350
1345
1340
1335
1330
1325
1320
1315
1395
1395
1390
1385
1380
1375
1370
1365
1360
1355
1350
1345
1340
1335
1330
1325
1340
1360
1360
1355
1350
1345
1340
1335
1330
1325
1320
1315
1310
1305
1300
1295
1290
1285
1280
1275
1270
1270
1280
1275
1270
1265
1260
1255
1250
1245
1240
1235
1230
1225
1220
1215
1215
1210
1205
1200
1195
1190
1185
1180
1175
1170
1170
1180
1190
1185
1180
1175
1170
1165
1160
1155
1165
1210
1205
1200
1195
1190
1185
1180
1175
1170
1165
1175
1225
1220
1215
1215
1210
1205
1200
1195
1190
1185
1245
1245
1245
1240
1235
1230
1230
1225
1220
1215
1215
1210
1270
1270
1265
1260
1260
1255
1335
1330
1330
1325
1320
1320
1315
1310
1310
1305
1300
1375
1370
1370
1365
1360
1360
1355
1350
1345
1350
1345
1340
1335
1330
1325
1320
1315
1310
1305
1300
1295
1290
1285
1280
1275
1270
1265
1260
1255
1250
1245
1240
1235
1230
1225
1220
1215
1210
1205
1200
1195
1190
1185
1180
1175
1170
1165
1160
1155
1150
1145
1140
1135
1130
1125
1120
1115
1110
1105
1100
1095
1090
1085
1080
1075
1070
1065
1060
1055
1050
1045
1040
1035
1030
1025
1020
1015
1010
1005
falsefalse*1000
1020
1055
1060
1060
1055
1050
1095
1105
1115
1120
1120
1210
1205
1200
1195
1195
1255
1255
1255
1250
1245
1240
1275
1275
1295
1305
1300
1295
1290
1285
1280
1275
1270
1280
1280
1290
1295
1315
1315
1310
1305
1300
1295
1290
1295
1290
1285
1350
1345
1340
1335
1330
1325
1320
1320
1315
1310
1380
1375
1370
1370
1365
1360
1355
1350
1345
1340
1335
1330
1325
1320
1315
1330
1360
1355
1350
1350
1345
1340
1335
1330
1325
1370
1385
1390
1390
1385
1380
1380
1375
1370
1365
1360
1355
1350
1345
1340
1335
1330
1325
1325
1320
1315
1340
1345
1340
1335
1330
1325
1320
1315
1310
1305
1300
1295
1290
1285
1295
1315
1315
1315
1310
1305
1300
1295
1290
1285
1285
1280
1275
1270
1265
1260
1300
1300
1295
1290
1285
1280
1275
1270
1265
1265
1295
1330
1325
1320
1315
1310
1305
1300
1300
1295
1290
1285
1280
1280
1275
1270
1265
1270
1275
1305
1300
1300
1295
1295
1290
1290
1295
1290
1290
1285
1280
1335
1330
1325
1325
1320
1315
1310
1305
1300
1295
1290
1285
1280
1275
1270
1265
1260
1255
1250
1245
1295
1290
1285
1280
1275
1270
1265
1260
1255
1250
1245
1245
1240
1235
1230
1225
1265
1260
1255
1250
1245
1255
1305
1325
1320
1320
1315
1310
1305
1300
1295
1295
1290
1285
1280
1280
1280
1300
1300
1295
1295
1290
1285
1280
1275
1270
1265
1260
1255
1250
1245
1240
1235
1230
1225
1240
1240
1255
1250
1245
1240
1235
1230
1225
1220
1215
1210
1210
1205
1200
1195
1195
1190
1220
1225
1225
1220
1215
1210
1205
1200
1195
1190
1265
1260
1265
1260
1255
1250
1245
1240
1235
1230
1225
1220
1215
1215
1210
1260
1260
1260
1260
1255
1250
1245
1240
1235
1230
1225
1240
1290
1285
1280
1275
1270
1265
1260
1255
1250
1245
1260
1320
1315
1310
1305
1305
1300
1295
1290
1285
1280
1275
1270
1265
1260
1310
1310
1305
1300
1295
1290
1285
1280
1275
1275
1295
1330
1330
1325
1325
1320
1315
1310
1305
1300
1295
1290
1350
1345
1340
1340
1335
1330
1325
1320
1315
1310
1305
1300
1295
1290
1285
1280
1300
1315
1310
1305
1300
1295
1290
1285
1280
1355
1365
1360
1360
1355
1350
1345
1340
1335
1330
1325
1320
1315
1310
1355
1360
1355
1350
1345
1340
1335
1330
1325
1320
1315
1315
1345
1360
1360
1355
1350
1345
1340
1335
1335
1330
1325
1320
1315
1310
1310
1305
1300
1355
1350
1345
1340
1335
1330
1325
1320
1315
1310
1305
1300
1295
1290
1285
1280
1280
1275
1270
1265
1260
1255
1255
1250
1245
1240
1235
1235
1230
1225
1220
1215
1210
1205
1200
1195
1190
1185
1180
1175
1170
1165
1160
1155
1170
1165
1160
1155
1150
1150
1145
1140
1135
1130
1125
1120
1115
1110
1105
1100
1095
1100
1095
1090
1085
1080
1095
1115
1110
1105
1100
1095
1090
1095
1135
1160
1230
1260
1255
1255
1250
1245
1240
1235
1230
1225
1220
1215
1210
1205
1200
1220
1255
1255
1250
1245
1240
1235
1230
1250
1275
1275
1270
1265
1260
1355
1355
1350
1345
1340
1335
1330
1325
1320
1315
1310
1305
1300
1295
1310
1345
1340
1335
1330
1365
1390
1410
1405
1400
1395
1390
1385
1380
1375
1370
1365
1360
1355
1350
1345
1340
1335
1330
1325
1320
1315
1310
1305
1300
1295
1320
1320
1320
1315
1310
1305
1305
1300
1295
1290
1290
1285
1280
1275
1270
1265
1265
1300
1295
1290
1290
1290
1285
1280
1275
1275
1315
1315
1310
1305
1300
1295
1290
1285
1350
1350
1345
1340
1335
1330
1325
1320
1315
1310
1380
1375
1370
1370
1365
1360
1360
1355
1350
1345
1340
1335
1330
1325
1325
1340
1360
1355
1350
1350
1345
1345
1340
1335
1330
1325
1320
1315
1310
1305
1300
1295
1290
1285
1280
1275
1270
1265
1300
1295
1290
1285
1280
1275
1270
1265
1260
1255
1255
1255
1280
1295
1290
1285
1280
1280
1275
1270
1265
1260
1255
1265
1320
1320
1315
1310
1305
1300
1295
1290
1285
1280
1275
1270
1325
1340
1335
1335
1330
1325
1320
1315
1310
1305
1335
1375
1370
1365
1360
1355
1350
1345
1340
1335
1330
1325
1320
1315
1310
1325
1365
1360
1355
1350
1345
1345
1340
1335
1330
1325
1320
1315
1315
1310
1305
1355
1355
1350
1345
1345
1340
1335
1330
1325
1320
1315
1315
1310
1305
1300
1295
1290
1325
1330
1325
1320
1315
1310
1305
1300
1295
1290
1285
1280
1275
1270
1280
1310
1315
1310
1305
1300
1295
1290
1285
1280
1275
1275
1270
1265
1270
1315
1310
1305
1300
1295
1290
1285
1280
1275
1270
1265
1260
1255
1250
1245
1240
1260
1260
1280
1275
1275
1270
1265
1265
1265
1295
1340
1340
1335
1335
1330
1325
1320
1315
1310
1305
1300
1295
1290
1290
1285
1280
1275
1285
1295
1290
1290
1285
1280
1275
1270
1265
1260
1255
1250
1245
1245
1240
1275
1280
1280
1275
1270
1265
1265
1260
1260
1255
1250
1245
1245
1250
1280
1275
1270
1265
1260
1255
1250
1250
1320
1320
1315
1315
1310
1305
1300
1295
1290
1285
1285
1345
1350
1345
1340
1335
1330
1325
1320
1315
1310
1305
1360
1360
1360
1355
1350
1345
1340
1335
1330
1325
1325
1320
1315
1310
1305
1300
1295
1290
1300
1320
1320
1315
1310
1310
1305
1300
1295
1295
1290
1310
1355
1350
1345
1340
1335
1330
1325
1320
1315
1310
1305
1300
1295
1290
1355
1350
1350
1345
1340
1335
1330
1325
1320
1350
1350
1345
1340
1335
1330
1325
1320
1315
1310
1305
1300
1295
1290
1285
1280
1275
1270
1265
1260
1255
1250
1245
1240
1235
1230
1225
1220
1215
1210
1205
1200
1195
1190
1185
1180
1175
1170
1165
1160
1155
1150
1145
1140
1135
1130
1125
1120
1115
1110
1105
1100
1095
1090
1085
1080
1075
1070
1065
1060
1055
1050
1045
1040
1035
1030
1025
1020
1015
1010
1005
falsefalse*1000
1045
1075
1075
1150
1240
1240
1250
1245
1245
1240
1235
1230
1225
1220
1215
1210
1205
1200
1195
1250
1250
1250
1245
1240
1235
1230
1225
1220
1215
1210
1205
1200
1195
1190
1185
1180
1195
1195
1190
1185
1180
1180
1235
1245
1240
1235
1230
1225
1220
1215
1210
1205
1200
1260
1270
1265
1260
1255
1250
1245
1240
1235
1230
1225
1220
1215
1210
1230
1260
1260
1255
1250
1245
1240
1235
1230
1225
1260
1285
1285
1285
1280
1275
1270
1265
1260
1255
1250
1250
1310
1305
1305
1300
1295
1345
1355
1365
1365
1360
1355
1350
1345
1350
1345
1340
1335
1330
1330
1330
1325
1345
1345
1340
1335
1335
1330
1325
1325
1320
1315
1315
1315
1350
1350
1345
1340
1335
1330
1325
1320
1315
1310
1345
1385
1385
1380
1380
1375
1370
1365
1360
1355
1350
1345
1340
1340
1340
1350
1355
1370
1365
1360
1355
1355
1355
1350
1345
1340
1335
1335
1330
1325
1320
1315
1310
1305
1340
1335
1330
1325
1325
1320
1315
1310
1305
1300
1295
1290
1285
1280
1275
1270
1265
1290
1315
1310
1305
1300
1295
1290
1285
1280
1275
1270
1265
1260
1255
1250
1310
1305
1300
1295
1290
1285
1280
1370
1370
1365
1360
1355
1350
1345
1340
1335
1330
1325
1320
1315
1320
1365
1365
1360
1355
1350
1350
1345
1340
1335
1330
1325
1325
1320
1315
1310
1305
1305
1320
1340
1340
1340
1335
1330
1325
1320
1320
1315
1310
1305
1300
1295
1290
1285
1300
1295
1330
1335
1330
1335
1330
1325
1320
1315
1315
1310
1305
1340
1345
1345
1340
1335
1335
1330
1325
1320
1315
1310
1305
1375
1375
1370
1365
1360
1355
1350
1345
1340
1335
1330
1325
1320
1315
1310
1305
1300
1295
1350
1345
1345
1340
1335
1330
1325
1320
1320
1315
1310
1310
1305
1305
1355
1350
1345
1340
1340
1335
1330
1325
1320
1315
1310
1305
1300
1295
1290
1300
1295
1290
1315
1310
1305
1300
1295
1290
1290
1285
1280
1280
1275
1270
1265
1260
1255
1250
1255
1255
1275
1270
1265
1260
1255
1250
1245
1255
1270
1290
1310
1305
1300
1300
1295
1295
1290
1285
1280
1275
1270
1265
1260
1255
1250
1245
1240
1250
1270
1270
1265
1265
1260
1255
1250
1245
1240
1235
1230
1225
1220
1235
1240
1245
1255
1250
1245
1245
1240
1235
1230
1225
1245
1275
1285
1285
1280
1275
1270
1265
1260
1260
1255
1250
1245
1240
1240
1285
1290
1285
1280
1275
1270
1265
1260
1255
1250
1245
1240
1275
1300
1300
1295
1290
1285
1280
1275
1270
1265
1345
1345
1340
1335
1330
1325
1320
1315
1310
1375
1375
1370
1365
1360
1355
1350
1345
1340
1340
1335
1395
1400
1395
1390
1385
1380
1375
1370
1365
1360
1355
1350
1345
1340
1335
1345
1340
1335
1330
1340
1355
1350
1350
1345
1340
1335
1330
1325
1320
1315
1310
1305
1300
1295
1290
1320
1330
1325
1320
1320
1315
1310
1310
1305
1300
1300
1300
1350
1345
1340
1335
1330
1325
1320
1315
1310
1305
1300
1295
1290
1285
1280
1275
1270
1310
1305
1300
1295
1290
1285
1280
1280
1275
1270
1265
1265
1260
1260
1255
1285
1280
1275
1280
1275
1270
1265
1260
1255
1250
1245
1240
1245
1265
1260
1255
1250
1245
1240
1235
1235
1230
1225
1260
1285
1280
1275
1270
1265
1260
1255
1250
1245
1240
1235
1235
1235
1245
1245
1275
1270
1265
1265
1260
1255
1255
1250
1245
1250
1280
1290
1285
1280
1280
1275
1270
1265
1260
1255
1250
1245
1245
1240
1235
1255
1260
1275
1275
1270
1265
1260
1260
1255
1250
1245
1240
1270
1300
1295
1290
1285
1280
1275
1270
1265
1260
1255
1280
1325
1325
1320
1320
1315
1310
1305
1300
1300
1295
1290
1285
1295
1295
1290
1285
1280
1275
1270
1265
1265
1270
1265
1265
1260
1255
1250
1250
1245
1245
1240
1245
1240
1240
1235
1240
1235
1230
1225
1220
1215
1210
1205
1200
1195
1225
1250
1245
1240
1235
1230
1230
1225
1220
1220
1215
1210
1250
1280
1275
1275
1270
1265
1260
1255
1300
1320
1325
1320
1320
1320
1315
1310
1305
1300
1300
1295
1290
1285
1285
1315
1325
1330
1325
1325
1320
1315
1310
1305
1300
1295
1290
1295
1335
1330
1330
1325
1320
1315
1355
1390
1385
1385
1380
1375
1370
1365
1360
1355
1390
1420
1415
1410
1405
1400
1395
1390
1385
1380
1375
1370
1365
1370
1420
1415
1415
1415
1410
1405
1400
1395
1390
1385
1380
1375
1370
1365
1360
1355
1350
1345
1345
1340
1360
1370
1365
1365
1360
1355
1350
1350
1345
1340
1335
1335
1330
1325
1320
1315
1310
1305
1300
1295
1290
1285
1280
1275
1270
1295
1290
1285
1280
1275
1270
1265
1260
1255
1265
1315
1315
1310
1305
1310
1305
1300
1300
1295
1290
1285
1280
1275
1270
1265
1260
1300
1300
1300
1295
1290
1285
1280
1275
1270
1265
1260
1255
1255
1260
1265
1290
1290
1285
1280
1280
1275
1270
1265
1260
1315
1330
1325
1320
1320
1315
1315
1315
1310
1310
1305
1300
1295
1295
1290
1285
1330
1325
1320
1315
1315
1310
1305
1300
1295
1290
1285
1280
1275
1270
1265
1260
1300
1295
1290
1285
1280
1280
1275
1270
1270
1280
1325
1320
1315
1315
1310
1305
1305
1300
1300
1295
1290
1285
1280
1280
1275
1270
1265
1260
1280
1290
1285
1280
1275
1270
1265
1260
1255
1250
1245
1240
1240
1260
1265
1275
1285
1280
1275
1275
1270
1265
1260
1255
1250
1245
1240
1235
1230
1225
1220
1215
1215
1210
1205
1200
1195
1230
1225
1220
1215
1210
1210
1205
1200
1195
1210
1235
1230
1230
1225
1220
1220
1215
1210
1230
1225
1220
1215
1210
1205
1200
1195
1190
1185
1180
1175
1170
1165
1160
1155
1150
1145
1140
1135
1130
1125
1120
1115
1110
1105
1100
1095
1090
1085
1080
1075
1070
1065
1060
1055
1050
1045
1040
1035
1030
1025
1020
1015
1010
1005
falsefalse*1000
1010
1010
1075
1075
1175
1170
1245
1270
1270
1265
1260
1255
1250
1250
1245
1240
1240
1280
1305
1300
1325
1405
1400
1395
1390
1385
1385
1380
1375
1370
1365
1360
1355
1350
1345
1340
1340
1380
1380
1375
1370
1375
1370
1365
1360
1355
1350
1345
1350
1360
1355
1350
1345
1340
1335
1330
1325
1320
1315
1310
1305
1300
1295
1295
1330
1325
1320
1315
1310
1305
1300
1295
1290
1285
1280
1275
1270
1305
1300
1295
1290
1285
1280
1275
1270
1265
1260
1255
1250
1245
1240
1235
1230
1225
1220
1215
1210
1205
1200
1195
1190
1185
1180
1175
1170
1165
1160
1155
1150
1145
1140
1135
1130
1160
1185
1180
1175
1170
1165
1160
1155
1150
1145
1150
1165
1185
1180
1175
1170
1175
1250
1250
1245
1240
1235
1230
1225
1220
1285
1285
1280
1280
1275
1270
1265
1260
1255
1250
1245
1295
1295
1290
1285
1280
1275
1270
1265
1260
1255
1270
1285
1295
1295
1290
1285
1280
1275
1270
1265
1260
1255
1250
1250
1245
1295
1295
1290
1290
1285
1280
1280
1275
1270
1265
1265
1290
1310
1310
1305
1300
1295
1290
1285
1280
1275
1270
1265
1260
1255
1315
1310
1305
1300
1300
1295
1290
1285
1280
1275
1270
1330
1325
1325
1320
1315
1310
1305
1300
1295
1360
1355
1350
1345
1340
1335
1330
1325
1320
1320
1315
1310
1305
1300
1295
1290
1285
1280
1275
1270
1265
1260
1255
1250
1245
1240
1235
1235
1230
1225
1220
1215
1210
1210
1205
1200
1195
1190
1190
1185
1180
1175
1175
1170
1170
1165
1160
1155
1155
1150
1150
1185
1180
1175
1170
1165
1160
1155
1155
1165
1160
1155
1150
1145
1150
1165
1195
1195
1195
1190
1190
1185
1180
1175
1170
1165
1160
1155
1150
1145
1160
1175
1180
1180
1175
1170
1165
1160
1155
1180
1190
1190
1225
1220
1215
1210
1205
1200
1195
1240
1260
1265
1260
1255
1250
1245
1240
1235
1260
1265
1305
1300
1295
1290
1285
1280
1275
1270
1265
1260
1255
1285
1320
1315
1310
1305
1300
1295
1290
1285
1280
1275
1270
1265
1260
1255
1285
1305
1300
1295
1290
1285
1285
1280
1275
1270
1265
1260
1255
1250
1245
1240
1280
1290
1285
1280
1275
1270
1265
1265
1265
1295
1335
1335
1330
1325
1320
1315
1310
1305
1300
1295
1290
1285
1350
1345
1340
1335
1330
1325
1330
1325
1320
1320
1315
1315
1310
1305
1300
1295
1290
1325
1325
1320
1315
1310
1305
1305
1300
1295
1290
1290
1285
1280
1275
1270
1265
1260
1260
1265
1285
1280
1275
1270
1265
1265
1260
1255
1250
1285
1320
1315
1310
1305
1300
1295
1295
1290
1310
1365
1360
1360
1355
1350
1345
1340
1335
1330
1325
1320
1315
1365
1375
1375
1370
1365
1360
1355
1355
1350
1345
1340
1335
1330
1325
1320
1365
1370
1365
1360
1355
1350
1345
1340
1340
1335
1330
1325
1320
1365
1360
1355
1355
1350
1345
1345
1340
1335
1330
1325
1320
1315
1310
1305
1300
1295
1290
1285
1280
1275
1270
1265
1265
1265
1295
1290
1285
1280
1275
1270
1265
1260
1345
1340
1335
1330
1325
1320
1315
1310
1305
1300
1295
1290
1285
1280
1275
1270
1275
1320
1320
1315
1315
1310
1305
1300
1300
1300
1330
1335
1345
1340
1340
1335
1330
1325
1325
1320
1315
1310
1305
1300
1295
1290
1285
1310
1335
1330
1330
1325
1320
1315
1315
1310
1305
1300
1295
1290
1285
1335
1330
1325
1320
1315
1310
1305
1300
1295
1295
1290
1285
1280
1275
1270
1265
1305
1300
1300
1300
1295
1295
1290
1285
1280
1275
1305
1335
1335
1330
1325
1320
1320
1315
1310
1305
1300
1295
1300
1350
1355
1350
1345
1340
1335
1330
1325
1320
1315
1310
1305
1300
1340
1350
1345
1340
1335
1330
1325
1320
1315
1310
1305
1300
1295
1290
1285
1280
1275
1275
1285
1300
1300
1295
1290
1290
1290
1285
1280
1350
1345
1340
1335
1330
1325
1320
1320
1315
1310
1305
1300
1295
1290
1285
1280
1275
1270
1320
1315
1310
1305
1300
1295
1290
1285
1280
1275
1285
1340
1335
1330
1325
1320
1315
1310
1305
1300
1300
1295
1290
1290
1285
1330
1340
1340
1335
1330
1330
1325
1320
1315
1310
1305
1300
1315
1310
1355
1350
1345
1345
1340
1335
1335
1330
1325
1320
1320
1320
1370
1370
1365
1360
1355
1350
1345
1340
1335
1330
1325
1320
1315
1310
1305
1300
1320
1315
1335
1335
1330
1325
1325
1320
1315
1310
1305
1300
1295
1290
1345
1345
1350
1345
1340
1340
1335
1330
1325
1320
1315
1310
1305
1300
1335
1360
1355
1350
1345
1340
1335
1330
1325
1320
1315
1310
1305
1300
1295
1290
1285
1305
1340
1340
1335
1330
1325
1320
1315
1310
1305
1300
1295
1295
1290
1285
1280
1280
1320
1315
1315
1310
1305
1300
1295
1290
1285
1285
1280
1275
1275
1330
1330
1325
1325
1320
1315
1310
1310
1305
1325
1350
1360
1355
1350
1345
1345
1340
1335
1330
1325
1320
1315
1310
1305
1300
1295
1290
1285
1280
1275
1270
1265
1260
1255
1250
1245
1245
1240
1235
1230
1225
1220
1220
1215
1210
1205
1205
1200
1195
1190
1185
1180
1175
1170
1165
1160
1155
1150
1145
1140
1135
1130
1125
1130
1145
1140
1135
1130
1150
1145
1140
1135
1130
1130
1140
1165
1170
1165
1160
1155
1150
1145
1140
1135
1130
1130
1140
1170
1180
1180
1175
1170
1170
1165
1185
1215
1240
1235
1230
1225
1220
1215
1210
1210
1215
1215
1270
1265
1260
1255
1265
1325
1325
1320
1320
1315
1315
1310
1305
1300
1295
1290
1305
1300
1295
1290
1285
1280
1275
1270
1265
1260
1255
1250
1245
1240
1235
1230
1225
1220
1215
1210
1205
1200
1195
1190
1185
1180
1175
1170
1165
1160
1155
1150
1145
1140
1135
1130
1125
1120
1115
1110
1105
1100
1095
1090
1085
1080
1075
1070
1065
1060
1055
1050
1045
1040
1035
1030
1025
1020
1015
1010
1005
falsefalse*1000
1040
1050
1195
1190
1190
1185
1180
1175
1170
1170
1165
1170
1235
1230
1225
1235
1265
1275
1290
1295
1295
1290
1285
1280
1275
1280
1345
1350
1345
1340
1340
1335
1335
1355
1385
1400
1400
1395
1390
1385
1380
1375
1370
1365
1360
1355
1350
1345
1340
1340
1385
1385
1380
1375
1375
1375
1370
1365
1365
1360
1410
1410
1405
1405
1400
1395
1390
1385
1380
1380
1375
1370
1365
1365
1360
1355
1355
1385
1380
1375
1375
1370
1365
1360
1355
1350
1345
1340
1335
1335
1330
1325
1320
1315
1315
1375
1370
1365
1360
1355
1350
1345
1340
1335
1330
1325
1320
1315
1310
1305
1300
1295
1290
1285
1280
1275
1320
1315
1310
1305
1305
1300
1295
1290
1285
1280
1275
1270
1335
1335
1330
1325
1320
1315
1315
1310
1305
1300
1295
1290
1285
1290
1290
1290
1325
1320
1315
1310
1310
1305
1300
1295
1290
1285
1285
1330
1335
1330
1325
1320
1315
1310
1305
1300
1295
1290
1285
1280
1280
1285
1295
1320
1320
1315
1310
1305
1300
1295
1290
1285
1280
1275
1270
1265
1260
1255
1290
1290
1285
1285
1280
1275
1270
1265
1260
1255
1250
1245
1240
1290
1290
1285
1285
1280
1275
1275
1270
1265
1260
1260
1290
1320
1315
1310
1305
1300
1295
1290
1285
1280
1275
1270
1270
1265
1270
1280
1300
1295
1290
1285
1280
1275
1270
1265
1260
1255
1250
1245
1240
1235
1230
1250
1265
1270
1265
1260
1255
1290
1340
1340
1335
1330
1325
1320
1315
1315
1330
1330
1375
1370
1365
1360
1355
1350
1345
1340
1335
1330
1325
1320
1315
1310
1305
1300
1295
1350
1345
1340
1335
1330
1325
1320
1315
1310
1305
1300
1295
1290
1285
1280
1275
1270
1265
1260
1285
1285
1285
1280
1275
1275
1270
1315
1320
1315
1310
1305
1300
1295
1290
1285
1280
1315
1330
1340
1340
1335
1335
1330
1325
1320
1315
1310
1305
1300
1295
1290
1285
1280
1275
1270
1265
1260
1255
1280
1280
1275
1270
1265
1260
1255
1250
1250
1245
1240
1235
1285
1285
1285
1285
1280
1275
1270
1265
1260
1255
1250
1245
1240
1235
1230
1225
1275
1275
1270
1265
1260
1255
1250
1245
1240
1235
1235
1230
1245
1250
1265
1265
1270
1265
1260
1255
1250
1270
1315
1315
1320
1320
1315
1310
1305
1300
1300
1295
1290
1285
1280
1275
1270
1265
1260
1255
1250
1250
1285
1280
1275
1270
1265
1260
1255
1250
1245
1240
1235
1230
1225
1220
1220
1215
1210
1240
1245
1240
1235
1230
1225
1220
1215
1210
1205
1235
1255
1265
1260
1255
1250
1245
1240
1235
1230
1225
1220
1215
1210
1205
1205
1200
1195
1190
1185
1180
1175
1170
1165
1160
1155
1150
1145
1140
1135
1130
1125
1120
1115
1110
1105
1100
1110
1155
1155
1150
1145
1140
1135
1130
1125
1120
1115
1170
1165
1160
1155
1150
1145
1140
1135
1180
1190
1205
1205
1200
1195
1190
1280
1275
1275
1270
1265
1260
1255
1250
1245
1240
1235
1230
1225
1220
1215
1255
1250
1245
1240
1235
1230
1225
1220
1295
1300
1295
1290
1345
1380
1375
1370
1365
1360
1355
1350
1345
1340
1335
1330
1325
1320
1315
1310
1305
1360
1355
1350
1345
1340
1340
1335
1330
1325
1320
1315
1310
1305
1300
1300
1310
1325
1320
1315
1315
1315
1310
1305
1300
1295
1290
1285
1280
1275
1270
1265
1260
1255
1260
1260
1280
1280
1275
1270
1265
1260
1255
1250
1245
1245
1240
1235
1230
1225
1220
1215
1210
1220
1215
1210
1205
1200
1195
1190
1185
1180
1175
1170
1170
1165
1195
1205
1205
1200
1195
1190
1185
1180
1175
1180
1190
1210
1215
1210
1205
1200
1195
1190
1185
1180
1175
1170
1170
1230
1230
1225
1225
1220
1250
1255
1260
1260
1255
1250
1245
1240
1235
1230
1225
1220
1215
1210
1205
1260
1255
1250
1250
1245
1240
1235
1230
1225
1220
1235
1235
1270
1270
1265
1260
1255
1250
1315
1325
1320
1315
1310
1305
1300
1295
1290
1285
1305
1335
1345
1340
1335
1330
1325
1320
1315
1310
1305
1300
1375
1375
1370
1365
1360
1355
1350
1345
1340
1355
1380
1380
1380
1375
1375
1370
1365
1360
1355
1350
1345
1340
1335
1330
1325
1320
1315
1310
1305
1300
1320
1320
1320
1315
1310
1305
1300
1295
1290
1285
1280
1275
1270
1265
1260
1255
1250
1245
1240
1235
1230
1225
1220
1220
1240
1255
1250
1245
1240
1235
1230
1225
1255
1250
1245
1245
1245
1240
1235
1245
1240
1235
1230
1225
1220
1215
1210
1205
1200
1195
1190
1185
1250
1245
1240
1235
1235
1230
1225
1220
1215
1210
1215
1215
1210
1215
1210
1205
1200
1195
1190
1185
1180
1185
1185
1180
1175
1215
1210
1240
1290
1295
1290
1285
1280
1275
1270
1265
1260
1255
1250
1245
1240
1235
1230
1270
1280
1275
1270
1265
1265
1260
1255
1250
1245
1240
1235
1230
1290
1285
1280
1275
1270
1270
1265
1270
1300
1330
1325
1325
1320
1320
1315
1310
1305
1300
1295
1290
1285
1280
1290
1330
1325
1320
1315
1310
1305
1300
1295
1290
1285
1280
1275
1270
1270
1265
1290
1290
1290
1295
1300
1295
1290
1285
1280
1275
1270
1265
1260
1255
1330
1330
1325
1320
1315
1310
1305
1350
1370
1365
1360
1355
1350
1345
1340
1335
1330
1325
1320
1315
1310
1305
1300
1295
1290
1285
1340
1335
1330
1325
1325
1320
1315
1310
1305
1300
1295
1290
1285
1280
1275
1280
1305
1305
1300
1295
1290
1285
1280
1275
1270
1265
1260
1325
1320
1315
1310
1305
1300
1300
1295
1290
1285
1280
1280
1275
1275
1270
1265
1260
1275
1270
1265
1260
1255
1250
1245
1240
1235
1230
1225
1220
1215
1210
1205
1200
1195
1190
1185
1180
1175
1170
1165
1160
1155
1150
1145
1140
1135
1130
1125
1120
1115
1110
1105
1100
1095
1090
1085
1080
1075
1070
1065
1060
1055
1050
1045
1040
1035
1030
1025
1020
1015
1010
1005
falsefalse*1000
1030
1080
1075
1075
1170
1165
1160
1160
1155
1150
1185
1235
1235
1260
1320
1315
1310
1305
1300
1295
1290
1295
1375
1370
1365
1365
1365
1365
1360
1355
1350
1350
1345
1340
1350
1370
1365
1360
1360
1355
1355
1350
1345
1340
1340
1335
1330
1325
1320
1315
1310
1305
1305
1300
1295
1290
1285
1280
1275
1275
1270
1265
1260
1255
1250
1245
1240
1235
1230
1225
1235
1230
1225
1220
1215
1210
1205
1200
1195
1190
1185
1180
1175
1170
1165
1160
1155
1150
1150
1150
1145
1140
1135
1145
1165
1160
1155
1155
1150
1150
1145
1140
1135
1165
1195
1195
1190
1190
1185
1180
1180
1185
1190
1195
1220
1220
1215
1210
1205
1200
1195
1190
1185
1180
1250
1255
1250
1255
1255
1275
1275
1285
1300
1295
1290
1285
1280
1275
1270
1265
1260
1255
1250
1245
1255
1305
1300
1295
1290
1285
1280
1275
1270
1280
1335
1330
1330
1330
1325
1320
1320
1315
1310
1305
1300
1295
1290
1290
1320
1315
1315
1310
1305
1305
1300
1295
1290
1285
1280
1275
1270
1265
1260
1275
1305
1300
1295
1290
1285
1280
1275
1270
1265
1270
1275
1330
1325
1320
1315
1310
1305
1300
1300
1295
1290
1285
1280
1275
1270
1270
1270
1285
1285
1300
1295
1290
1285
1280
1280
1275
1270
1265
1260
1255
1250
1245
1240
1235
1230
1225
1265
1265
1260
1255
1250
1245
1240
1235
1230
1225
1220
1215
1235
1240
1255
1250
1245
1245
1240
1235
1230
1225
1225
1220
1215
1225
1275
1270
1265
1260
1260
1255
1250
1245
1240
1240
1280
1275
1270
1265
1260
1255
1250
1245
1240
1235
1230
1225
1220
1240
1240
1255
1250
1245
1240
1235
1235
1230
1225
1220
1215
1210
1205
1250
1250
1250
1245
1240
1235
1230
1225
1220
1215
1240
1260
1260
1255
1255
1250
1245
1240
1235
1235
1230
1225
1220
1220
1275
1270
1265
1260
1260
1255
1255
1250
1245
1240
1245
1250
1265
1270
1290
1290
1285
1285
1280
1275
1270
1265
1260
1255
1250
1245
1240
1255
1280
1285
1280
1275
1270
1265
1260
1255
1250
1285
1320
1315
1310
1305
1300
1295
1290
1285
1280
1275
1270
1265
1260
1255
1255
1250
1245
1285
1280
1275
1270
1265
1260
1255
1300
1300
1310
1320
1320
1315
1310
1305
1300
1295
1290
1285
1280
1275
1315
1315
1330
1325
1320
1315
1310
1305
1300
1300
1295
1295
1340
1365
1360
1355
1350
1345
1340
1335
1330
1325
1320
1315
1310
1305
1300
1295
1290
1285
1280
1290
1320
1320
1315
1310
1305
1300
1295
1290
1285
1280
1280
1285
1330
1330
1325
1320
1320
1315
1310
1305
1305
1300
1295
1290
1305
1355
1350
1345
1340
1335
1330
1325
1325
1320
1315
1310
1305
1300
1295
1290
1285
1280
1275
1300
1300
1300
1295
1295
1290
1285
1285
1280
1275
1270
1265
1260
1255
1275
1270
1265
1260
1255
1250
1245
1240
1235
1230
1230
1280
1285
1280
1275
1270
1265
1260
1255
1250
1245
1240
1315
1310
1310
1305
1300
1295
1290
1285
1280
1275
1275
1270
1265
1260
1295
1290
1285
1280
1275
1275
1270
1265
1260
1255
1330
1325
1325
1320
1315
1315
1310
1305
1300
1295
1290
1285
1280
1310
1315
1315
1310
1305
1305
1300
1295
1290
1285
1280
1340
1335
1330
1325
1320
1315
1310
1305
1300
1295
1290
1285
1280
1275
1270
1265
1260
1310
1305
1300
1295
1290
1290
1285
1280
1280
1275
1270
1305
1315
1315
1310
1305
1300
1295
1290
1285
1280
1275
1270
1265
1260
1255
1270
1275
1285
1285
1280
1275
1270
1265
1260
1255
1250
1245
1240
1235
1230
1225
1220
1215
1210
1205
1250
1245
1240
1235
1230
1225
1220
1230
1225
1265
1265
1260
1255
1250
1245
1240
1235
1230
1225
1225
1230
1280
1275
1270
1265
1260
1255
1250
1245
1240
1235
1230
1225
1220
1215
1210
1205
1200
1195
1190
1185
1180
1175
1170
1170
1165
1160
1155
1150
1145
1140
1135
1130
1125
1120
1115
1110
1105
1100
1130
1125
1120
1115
1110
1105
1120
1125
1130
1125
1120
1120
1115
1110
1105
1135
1170
1175
1170
1165
1160
1155
1150
1145
1140
1160
1195
1195
1190
1185
1185
1180
1175
1170
1165
1190
1225
1220
1215
1210
1205
1200
1265
1280
1280
1275
1270
1265
1260
1255
1250
1245
1245
1275
1300
1295
1290
1285
1280
1275
1270
1265
1260
1255
1250
1255
1265
1300
1295
1295
1290
1285
1280
1275
1270
1265
1260
1290
1295
1300
1295
1290
1285
1280
1275
1270
1265
1260
1300
1310
1305
1300
1295
1290
1290
1285
1280
1275
1270
1265
1275
1315
1310
1305
1300
1295
1290
1285
1280
1275
1270
1265
1260
1260
1255
1255
1250
1245
1280
1275
1270
1265
1260
1255
1250
1245
1240
1235
1230
1225
1245
1280
1275
1270
1265
1260
1255
1250
1245
1240
1245
1260
1280
1295
1295
1290
1285
1280
1275
1270
1265
1265
1260
1255
1250
1245
1240
1240
1260
1255
1255
1250
1250
1245
1245
1240
1235
1235
1260
1270
1265
1260
1255
1250
1245
1240
1235
1235
1235
1230
1225
1220
1215
1245
1240
1235
1235
1230
1225
1220
1215
1210
1205
1235
1245
1245
1240
1235
1235
1230
1225
1220
1215
1270
1270
1265
1260
1255
1255
1330
1325
1320
1315
1310
1305
1300
1295
1290
1285
1280
1275
1270
1330
1325
1320
1315
1310
1305
1305
1300
1300
1295
1295
1290
1285
1280
1275
1275
1270
1280
1275
1270
1265
1265
1260
1255
1270
1280
1280
1310
1305
1300
1300
1295
1290
1285
1280
1275
1270
1265
1260
1260
1290
1295
1290
1290
1285
1280
1280
1275
1270
1265
1260
1255
1250
1255
1250
1245
1240
1235
1230
1225
1220
1215
1210
1205
1200
1195
1190
1185
1180
1175
1170
1165
1160
1155
1150
1145
1140
1135
1130
1125
1120
1115
1110
1105
1100
1095
1090
1085
1080
1075
1070
1065
1060
1055
1050
1045
1040
1035
1030
1025
1020
1015
1010
1005
falsefalse*1000
1080
1115
1135
1135
1130
1125
1140
1205
1200
1270
1270
1265
1265
1260
1255
1255
1250
1250
1275
1305
1300
1295
1295
1290
1285
1280
1350
1350
1345
1340
1335
1330
1325
1320
1315
1310
1305
1335
1340
1360
1355
1355
1350
1345
1340
1335
1330
1325
1320
1380
1375
1370
1365
1360
1355
1350
1345
1340
1340
1335
1330
1325
1320
1315
1315
1315
1325
1320
1315
1310
1305
1300
1295
1305
1305
1300
1295
1290
1285
1280
1275
1270
1265
1260
1255
1260
1295
1290
1285
1280
1275
1270
1265
1260
1255
1250
1245
1240
1235
1245
1280
1275
1270
1330
1370
1365
1365
1360
1355
1350
1345
1340
1335
1330
1325
1320
1315
1310
1305
1300
1295
1290
1285
1280
1275
1270
1285
1280
1285
1280
1275
1270
1265
1260
1255
1250
1285
1285
1280
1275
1270
1265
1355
1350
1345
1340
1335
1330
1325
1320
1315
1310
1305
1300
1295
1290
1325
1355
1350
1345
1340
1335
1330
1325
1320
1315
1310
1305
1300
1295
1290
1285
1335
1330
1325
1320
1325
1320
1315
1310
1305
1300
1295
1290
1285
1280
1275
1300
1300
1300
1295
1295
1290
1285
1285
1280
1275
1275
1270
1265
1295
1295
1290
1285
1280
1275
1270
1265
1260
1260
1255
1250
1245
1240
1235
1235
1230
1225
1235
1240
1235
1235
1230
1225
1220
1215
1210
1205
1200
1245
1240
1235
1230
1225
1220
1215
1210
1205
1200
1195
1190
1185
1230
1225
1220
1215
1210
1205
1200
1195
1190
1185
1180
1180
1175
1175
1170
1165
1160
1155
1150
1145
1140
1135
1130
1125
1120
1115
1110
1105
1125
1120
1115
1110
1105
1100
1115
1115
1110
1105
1100
1095
1090
1085
1125
1125
1120
1115
1140
1150
1195
1190
1185
1180
1175
1170
1175
1170
1170
1180
1180
1210
1205
1200
1195
1190
1185
1180
1175
1170
1165
1160
1155
1175
1175
1170
1165
1160
1155
1150
1145
1175
1185
1195
1190
1185
1180
1175
1170
1165
1240
1235
1230
1225
1225
1220
1215
1215
1215
1225
1270
1270
1265
1260
1255
1255
1250
1245
1245
1295
1295
1290
1285
1280
1275
1270
1265
1260
1255
1250
1245
1260
1255
1260
1275
1270
1265
1260
1255
1250
1245
1240
1235
1230
1225
1220
1260
1255
1255
1250
1245
1240
1235
1230
1225
1220
1215
1250
1260
1260
1255
1250
1245
1240
1235
1230
1280
1305
1300
1295
1290
1285
1280
1275
1270
1350
1350
1345
1340
1335
1330
1325
1320
1315
1315
1310
1305
1365
1360
1355
1350
1350
1345
1340
1335
1330
1325
1320
1385
1385
1380
1375
1370
1365
1360
1360
1355
1350
1345
1340
1335
1330
1325
1325
1360
1355
1350
1345
1340
1335
1330
1325
1320
1315
1335
1375
1375
1370
1365
1360
1355
1350
1350
1345
1340
1335
1330
1325
1320
1315
1310
1305
1300
1320
1330
1325
1320
1315
1310
1305
1305
1300
1295
1345
1345
1340
1335
1335
1330
1325
1320
1315
1310
1305
1300
1295
1315
1330
1335
1330
1325
1320
1315
1310
1310
1305
1300
1300
1295
1290
1285
1280
1275
1280
1280
1280
1285
1280
1275
1270
1265
1265
1260
1255
1250
1245
1240
1300
1295
1290
1285
1280
1275
1270
1265
1260
1320
1320
1315
1310
1305
1300
1295
1290
1285
1280
1275
1270
1265
1260
1270
1290
1285
1280
1275
1270
1265
1260
1255
1250
1245
1240
1235
1230
1225
1220
1225
1220
1215
1215
1210
1205
1200
1195
1190
1185
1200
1200
1200
1220
1215
1210
1205
1200
1195
1190
1185
1180
1175
1170
1185
1185
1200
1200
1195
1195
1190
1185
1180
1180
1175
1175
1170
1165
1160
1155
1175
1175
1175
1170
1165
1160
1160
1170
1180
1180
1175
1175
1200
1220
1220
1215
1215
1210
1205
1205
1200
1195
1250
1245
1245
1240
1240
1285
1285
1280
1280
1275
1270
1265
1260
1260
1255
1260
1300
1295
1290
1285
1285
1280
1275
1270
1265
1300
1295
1290
1285
1280
1275
1270
1265
1265
1260
1260
1255
1250
1245
1240
1235
1230
1250
1245
1240
1235
1230
1225
1220
1215
1210
1210
1235
1230
1225
1225
1220
1215
1210
1205
1200
1195
1235
1235
1230
1225
1220
1215
1210
1210
1205
1205
1200
1195
1190
1185
1220
1225
1220
1215
1210
1205
1200
1195
1190
1190
1185
1230
1225
1220
1220
1215
1210
1205
1205
1200
1195
1190
1185
1185
1180
1180
1175
1170
1165
1160
1155
1150
1145
1140
1135
1130
1125
1120
1155
1150
1145
1140
1135
1130
1130
1145
1155
1155
1160
1155
1150
1145
1140
1180
1200
1195
1190
1185
1180
1175
1170
1165
1215
1220
1220
1215
1210
1275
1275
1270
1265
1265
1260
1255
1250
1245
1240
1235
1230
1235
1240
1240
1250
1245
1310
1325
1320
1315
1315
1310
1310
1305
1300
1295
1355
1350
1345
1340
1335
1360
1385
1390
1395
1390
1390
1385
1380
1375
1375
1370
1365
1360
1360
1355
1350
1345
1340
1340
1335
1340
1350
1345
1340
1335
1330
1325
1320
1315
1310
1305
1300
1295
1290
1285
1315
1310
1315
1310
1305
1300
1295
1290
1285
1280
1280
1275
1270
1265
1260
1255
1250
1250
1245
1240
1235
1230
1225
1220
1215
1210
1205
1200
1195
1190
1185
1180
1175
1170
1165
1160
1155
1150
1145
1140
1135
1130
1125
1120
1115
1110
1120
1115
1110
1105
1100
1100
1095
1115
1140
1155
1150
1145
1145
1140
1135
1130
1125
1145
1190
1190
1185
1180
1175
1170
1180
1205
1225
1225
1225
1220
1215
1210
1205
1250
1270
1265
1260
1255
1250
1245
1240
1325
1320
1315
1310
1305
1300
1295
1290
1285
1280
1280
1275
1275
1270
1300
1300
1295
1290
1285
1280
1275
1270
1265
1260
1255
1250
1245
1240
1235
1230
1225
1220
1215
1210
1205
1200
1195
1190
1185
1180
1175
1170
1165
1160
1155
1150
1145
1140
1135
1130
1125
1120
1115
1110
1105
1100
1095
1090
1085
1080
1075
1070
1065
1060
1055
1050
1045
1040
1035
1030
1025
1020
1015
1010
1005
falsefalse*1000
1035
1040
1055
1065
1060
1160
1160
1155
1150
1150
1150
1210
1205
1200
1195
1210
1235
1260
1265
1260
1255
1250
1250
1245
1240
1235
1240
1310
1305
1300
1295
1295
1290
1285
1280
1275
1270
1270
1275
1305
1310
1305
1300
1295
1290
1285
1285
1280
1275
1270
1320
1320
1315
1310
1305
1305
1300
1295
1290
1285
1280
1345
1340
1340
1340
1335
1330
1330
1325
1325
1380
1375
1370
1365
1360
1355
1350
1345
1340
1335
1330
1325
1320
1315
1310
1305
1300
1335
1350
1350
1345
1340
1335
1330
1325
1320
1315
1310
1305
1300
1295
1290
1300
1350
1345
1340
1335
1330
1325
1320
1315
1310
1305
1300
1295
1290
1325
1320
1315
1315
1310
1305
1300
1295
1290
1285
1280
1275
1270
1265
1260
1255
1250
1285
1280
1275
1270
1265
1260
1255
1250
1245
1240
1240
1235
1230
1225
1220
1220
1215
1210
1230
1225
1220
1215
1210
1205
1200
1195
1190
1185
1180
1215
1210
1210
1280
1275
1270
1265
1260
1255
1255
1250
1245
1240
1235
1230
1225
1235
1230
1245
1245
1240
1240
1235
1235
1230
1225
1220
1215
1210
1205
1225
1220
1215
1210
1205
1200
1195
1190
1185
1195
1220
1215
1215
1210
1205
1200
1200
1205
1230
1240
1235
1230
1225
1220
1220
1235
1260
1255
1250
1245
1240
1235
1235
1230
1225
1225
1260
1265
1270
1265
1260
1255
1250
1245
1240
1235
1230
1225
1220
1215
1235
1230
1225
1225
1220
1215
1215
1210
1205
1200
1195
1195
1205
1205
1210
1205
1200
1195
1190
1185
1180
1230
1225
1220
1220
1225
1240
1240
1240
1235
1235
1230
1230
1225
1220
1215
1215
1220
1215
1210
1205
1200
1195
1190
1185
1180
1175
1200
1195
1190
1190
1185
1180
1175
1170
1165
1160
1155
1150
1145
1145
1140
1135
1130
1125
1125
1120
1115
1115
1125
1120
1115
1110
1105
1100
1100
1100
1095
1095
1090
1085
1080
1075
1070
1065
1095
1090
1090
1085
1080
1080
1095
1090
1090
1090
1090
1110
1120
1125
1120
1115
1115
1110
1105
1100
1095
1100
1095
1120
1130
1125
1120
1115
1115
1165
1170
1165
1160
1155
1155
1155
1150
1145
1145
1140
1160
1220
1215
1210
1205
1200
1195
1235
1275
1270
1265
1260
1260
1260
1260
1260
1365
1360
1355
1355
1350
1345
1380
1420
1440
1440
1440
1435
1430
1430
1425
1420
1415
1410
1410
1405
1405
1400
1400
1410
1435
1435
1430
1425
1420
1415
1410
1410
1405
1400
1400
1435
1470
1470
1465
1460
1455
1450
1445
1440
1450
1450
1445
1440
1435
1430
1435
1465
1460
1455
1450
1445
1445
1440
1435
1430
1425
1425
1430
1425
1425
1420
1415
1410
1405
1400
1395
1390
1385
1380
1375
1370
1365
1360
1355
1350
1345
1340
1335
1330
1325
1325
1320
1325
1365
1360
1355
1350
1345
1340
1335
1340
1335
1330
1325
1325
1320
1320
1325
1330
1325
1320
1315
1310
1305
1300
1295
1290
1285
1280
1275
1270
1265
1260
1255
1255
1250
1245
1240
1240
1235
1230
1230
1225
1220
1215
1210
1205
1200
1195
1190
1190
1185
1180
1175
1170
1165
1160
1155
1150
1145
1140
1135
1130
1125
1225
1220
1215
1210
1205
1200
1235
1230
1225
1220
1215
1210
1205
1200
1295
1290
1285
1280
1275
1280
1295
1305
1335
1335
1330
1330
1325
1320
1315
1310
1305
1305
1300
1295
1290
1290
1290
1335
1335
1330
1325
1320
1315
1310
1305
1300
1295
1295
1355
1350
1345
1345
1340
1335
1330
1325
1320
1315
1310
1305
1300
1295
1295
1290
1285
1335
1330
1325
1320
1320
1315
1310
1305
1300
1295
1290
1285
1345
1340
1335
1330
1325
1320
1315
1310
1305
1300
1295
1290
1285
1290
1285
1290
1285
1285
1280
1315
1310
1305
1300
1295
1290
1285
1280
1275
1270
1265
1260
1255
1275
1300
1300
1295
1290
1285
1280
1275
1270
1265
1260
1260
1255
1250
1245
1240
1235
1230
1225
1220
1215
1210
1230
1240
1235
1230
1225
1220
1215
1210
1205
1205
1200
1195
1190
1185
1225
1245
1240
1235
1230
1225
1220
1215
1210
1250
1285
1285
1280
1275
1270
1300
1335
1340
1340
1340
1335
1330
1325
1320
1320
1315
1315
1310
1305
1300
1295
1290
1285
1285
1315
1315
1310
1305
1300
1295
1290
1285
1280
1275
1270
1265
1260
1260
1255
1275
1290
1285
1280
1275
1270
1265
1265
1260
1255
1255
1250
1245
1240
1305
1300
1295
1290
1285
1295
1305
1360
1355
1350
1345
1340
1335
1330
1325
1320
1315
1310
1305
1300
1295
1290
1285
1280
1275
1270
1265
1260
1255
1280
1280
1275
1275
1270
1265
1280
1335
1330
1325
1320
1315
1310
1305
1300
1295
1290
1285
1280
1285
1280
1275
1270
1305
1300
1295
1295
1290
1290
1285
1280
1275
1275
1270
1265
1260
1300
1300
1295
1290
1285
1280
1275
1270
1265
1260
1255
1320
1315
1320
1315
1310
1305
1300
1295
1290
1285
1285
1280
1275
1310
1305
1300
1300
1295
1290
1285
1280
1275
1270
1265
1260
1260
1255
1250
1290
1295
1290
1285
1280
1275
1270
1265
1260
1255
1255
1280
1300
1305
1300
1295
1290
1285
1280
1275
1270
1265
1260
1255
1320
1315
1310
1305
1300
1295
1295
1290
1285
1280
1275
1270
1265
1265
1260
1265
1260
1275
1290
1285
1285
1280
1275
1270
1360
1355
1350
1345
1340
1335
1330
1325
1320
1315
1310
1310
1310
1365
1360
1355
1350
1345
1340
1335
1330
1325
1320
1315
1310
1305
1300
1315
1360
1355
1350
1345
1340
1335
1330
1325
1320
1315
1315
1310
1305
1300
1295
1290
1285
1280
1275
1285
1300
1295
1290
1285
1280
1275
1270
1265
1260
1255
1250
1245
1240
1235
1230
1225
1220
1215
1210
1205
1200
1195
1190
1185
1180
1175
1170
1165
1160
1155
1150
1145
1140
1135
1130
1125
1120
1115
1110
1105
1100
1095
1090
1085
1080
1075
1070
1065
1060
1055
1050
1045
1040
1035
1030
1025
1020
1015
1010
1005
falsefalse*1000
1085
1180
1180
1185
1180
1175
1170
1165
1160
1155
1150
1145
1140
1225
1220
1235
1250
1250
1295
1295
1295
1290
1285
1285
1280
1275
1270
1265
1260
1255
1250
1255
1310
1310
1305
1300
1295
1290
1285
1280
1280
1320
1345
1340
1335
1330
1325
1320
1315
1315
1310
1305
1300
1295
1290
1285
1285
1310
1340
1340
1335
1330
1325
1320
1315
1310
1305
1305
1310
1305
1300
1295
1290
1285
1280
1275
1285
1280
1280
1275
1270
1265
1270
1265
1275
1270
1265
1265
1260
1260
1255
1250
1245
1245
1245
1245
1240
1245
1240
1235
1230
1225
1225
1220
1215
1210
1205
1200
1195
1190
1185
1180
1175
1170
1165
1160
1155
1150
1145
1140
1135
1130
1160
1155
1150
1145
1140
1135
1130
1170
1165
1165
1160
1155
1150
1145
1140
1180
1180
1190
1190
1185
1180
1175
1175
1235
1230
1225
1220
1215
1215
1210
1205
1200
1195
1195
1190
1185
1195
1240
1240
1235
1230
1225
1225
1220
1215
1210
1205
1205
1245
1260
1260
1255
1250
1245
1240
1235
1230
1225
1220
1225
1285
1280
1275
1270
1265
1260
1255
1250
1245
1240
1240
1315
1310
1305
1300
1295
1290
1285
1280
1275
1355
1350
1345
1340
1335
1335
1330
1325
1320
1315
1380
1375
1370
1365
1360
1355
1355
1350
1345
1340
1335
1330
1325
1350
1365
1385
1380
1375
1370
1365
1360
1355
1355
1350
1345
1340
1355
1410
1405
1400
1400
1395
1390
1385
1380
1380
1375
1370
1365
1365
1360
1355
1365
1390
1385
1380
1375
1370
1370
1365
1360
1355
1355
1350
1345
1340
1340
1335
1330
1325
1320
1315
1310
1305
1310
1315
1340
1335
1330
1325
1320
1315
1310
1305
1300
1295
1290
1285
1280
1275
1310
1315
1315
1320
1315
1310
1305
1300
1295
1290
1285
1280
1275
1270
1265
1260
1255
1250
1245
1240
1240
1260
1270
1270
1265
1260
1255
1250
1245
1245
1240
1235
1230
1225
1220
1215
1225
1270
1265
1265
1260
1255
1255
1250
1245
1240
1235
1235
1285
1280
1275
1270
1270
1265
1260
1255
1250
1255
1250
1305
1300
1295
1290
1285
1280
1275
1270
1270
1265
1260
1255
1270
1305
1305
1300
1295
1290
1285
1285
1305
1360
1355
1350
1345
1340
1340
1335
1330
1325
1320
1320
1315
1310
1310
1355
1355
1350
1345
1340
1335
1330
1325
1320
1340
1360
1385
1380
1375
1375
1370
1365
1360
1355
1350
1345
1340
1335
1335
1335
1330
1385
1385
1380
1375
1370
1365
1360
1355
1350
1345
1340
1335
1330
1325
1320
1315
1315
1370
1370
1365
1360
1355
1350
1350
1345
1340
1335
1330
1325
1320
1315
1310
1305
1315
1360
1355
1350
1345
1340
1335
1330
1325
1320
1315
1315
1310
1305
1300
1295
1290
1315
1330
1330
1325
1320
1315
1310
1310
1305
1300
1295
1290
1305
1305
1340
1335
1330
1325
1320
1315
1310
1305
1300
1295
1290
1325
1375
1370
1365
1360
1355
1350
1345
1345
1340
1335
1330
1330
1325
1325
1320
1315
1310
1355
1355
1350
1345
1340
1335
1335
1330
1325
1320
1315
1310
1305
1300
1300
1295
1330
1325
1320
1320
1315
1310
1305
1300
1295
1290
1285
1280
1275
1270
1275
1275
1270
1275
1270
1265
1265
1290
1315
1325
1320
1315
1310
1305
1300
1295
1290
1285
1280
1285
1285
1280
1275
1270
1270
1270
1265
1260
1260
1255
1250
1245
1245
1245
1240
1235
1235
1230
1225
1225
1220
1280
1275
1270
1270
1265
1260
1255
1290
1290
1305
1300
1295
1295
1290
1285
1280
1275
1270
1265
1260
1255
1250
1245
1245
1240
1235
1275
1270
1265
1260
1255
1255
1250
1245
1240
1235
1230
1225
1220
1230
1240
1270
1265
1260
1255
1250
1245
1240
1235
1230
1260
1325
1320
1315
1310
1310
1305
1300
1295
1375
1370
1370
1365
1360
1355
1350
1345
1340
1335
1330
1325
1320
1315
1310
1315
1310
1365
1360
1360
1355
1350
1350
1345
1340
1335
1330
1325
1320
1315
1310
1305
1300
1295
1290
1285
1280
1300
1295
1290
1285
1280
1275
1270
1265
1260
1255
1250
1260
1265
1265
1260
1255
1250
1250
1245
1240
1240
1235
1230
1225
1235
1270
1275
1270
1265
1260
1255
1250
1245
1240
1235
1235
1310
1315
1310
1305
1300
1295
1295
1290
1285
1280
1275
1270
1265
1260
1260
1255
1275
1280
1280
1295
1290
1285
1280
1275
1270
1270
1265
1260
1255
1300
1325
1320
1320
1315
1310
1305
1300
1295
1290
1285
1280
1275
1280
1335
1335
1330
1325
1320
1315
1310
1305
1305
1300
1295
1290
1285
1280
1275
1270
1290
1320
1315
1315
1310
1305
1300
1295
1290
1285
1280
1275
1270
1265
1260
1255
1250
1245
1245
1240
1235
1245
1260
1255
1250
1245
1240
1235
1230
1320
1320
1315
1310
1305
1300
1295
1290
1285
1285
1280
1275
1275
1340
1335
1330
1330
1325
1320
1315
1365
1380
1380
1375
1370
1365
1365
1360
1355
1350
1345
1340
1335
1330
1325
1385
1380
1375
1370
1365
1360
1355
1355
1350
1345
1340
1335
1330
1325
1320
1315
1310
1370
1365
1360
1355
1350
1345
1340
1370
1380
1395
1410
1405
1400
1395
1390
1390
1385
1380
1375
1370
1370
1365
1360
1355
1355
1350
1345
1340
1335
1330
1335
1345
1340
1335
1330
1325
1320
1315
1315
1310
1305
1300
1295
1295
1290
1350
1345
1340
1335
1330
1325
1320
1315
1315
1310
1305
1300
1300
1295
1295
1290
1285
1280
1280
1275
1270
1265
1260
1255
1250
1245
1255
1250
1245
1240
1235
1230
1225
1220
1220
1220
1250
1280
1275
1270
1265
1265
1260
1255
1255
1250
1245
1300
1295
1290
1285
1280
1275
1270
1265
1260
1255
1250
1245
1240
1235
1230
1225
1220
1215
1210
1205
1200
1195
1190
1185
1180
1175
1170
1165
1160
1155
1150
1145
1140
1135
1130
1125
1120
1115
1110
1105
1100
1095
1090
1085
1080
1075
1070
1065
1060
1055
1050
1045
1040
1035
1030
1025
1020
1015
1010
1005
falsefalse*1000
false]]></system-out>
  <system-err><![CDATA[]]></system-err>
</testsuite>
