<?xml version="1.0" encoding="UTF-8"?>
<testsuite name="RobotTest" tests="4" skipped="0" failures="0" errors="0" timestamp="2022-01-18T11:56:02" hostname="DESKTOP-29RTF6M" time="0.087">
  <properties/>
  <testcase name="robotNamesAreUnique" classname="RobotTest" time="0.068"/>
  <testcase name="differentRobotsHaveDifferentNames" classname="RobotTest" time="0.017"/>
  <testcase name="hasName" classname="RobotTest" time="0.001"/>
  <testcase name="resetName" classname="RobotTest" time="0.001"/>
  <system-out><![CDATA[]]></system-out>
  <system-err><![CDATA[]]></system-err>
</testsuite>
