<?xml version="1.0" encoding="UTF-8"?>
<testsuite name="BinarySearchTest" tests="11" skipped="0" failures="0" errors="0" timestamp="2022-01-24T11:35:43" hostname="DESKTOP-29RTF6M" time="0.038">
  <properties/>
  <testcase name="identifiesThatAValueIsNotFoundInTheArray" classname="BinarySearchTest" time="0.035"/>
  <testcase name="nothingIsFoundWhenTheLeftAndRightBoundCross" classname="BinarySearchTest" time="0.001"/>
  <testcase name="findsAValueInAnArrayWithOneElement" classname="BinarySearchTest" time="0.0"/>
  <testcase name="aValueLargerThanTheArraysSmallestValueIsNotFound" classname="BinarySearchTest" time="0.0"/>
  <testcase name="findsAValueInAnArrayOfOddLength" classname="BinarySearchTest" time="0.0"/>
  <testcase name="findsAValueAtTheEndOfAnArray" classname="BinarySearchTest" time="0.001"/>
  <testcase name="aValueSmallerThanTheArraysSmallestValueIsNotFound" classname="BinarySearchTest" time="0.0"/>
  <testcase name="findsAValueInAnArrayOfEvenLength" classname="BinarySearchTest" time="0.0"/>
  <testcase name="findsAValueAtTheBeginningOfAnArray" classname="BinarySearchTest" time="0.0"/>
  <testcase name="nothingIsFoundInAnEmptyArray" classname="BinarySearchTest" time="0.0"/>
  <testcase name="findsAValueInTheMiddleOfAnArray" classname="BinarySearchTest" time="0.0"/>
  <system-out><![CDATA[5
4
3
0
5
6
6
9
5
6
1
0
0
1
0
]]></system-out>
  <system-err><![CDATA[]]></system-err>
</testsuite>
